<?xml version="1.0" encoding="UTF-8"?>
<!-- Generated by org.testng.reporters.JUnitReportReporter -->
<testsuite hostname="DESKTOP-OGCT9GE" failures="0" tests="13" name="TestCases" time="0.639" errors="1" timestamp="2025-07-28T13:25:01 EET" skipped="12">
  <testcase classname="TestCases" name="Calender" time="0.000">
    <skipped/>
  </testcase> <!-- Calender -->
  <testcase classname="TestCases" name="MySetUp" time="0.639">
    <error message="class com.mysql.cj.jdbc.ConnectionImpl cannot be cast to class org.openqa.selenium.bidi.Connection (com.mysql.cj.jdbc.ConnectionImpl and org.openqa.selenium.bidi.Connection are in unnamed module of loader &#039;app&#039;)" type="java.lang.ClassCastException">
      <![CDATA[java.lang.ClassCastException: class com.mysql.cj.jdbc.ConnectionImpl cannot be cast to class org.openqa.selenium.bidi.Connection (com.mysql.cj.jdbc.ConnectionImpl and org.openqa.selenium.bidi.Connection are in unnamed module of loader 'app')
at TestCases.MySetUp(TestCases.java:40)
at java.base/jdk.internal.reflect.DirectMethodHandleAccessor.invoke(DirectMethodHandleAccessor.java:103)
at java.base/java.lang.reflect.Method.invoke(Method.java:580)
at org.testng.internal.invokers.MethodInvocationHelper.invokeMethod(MethodInvocationHelper.java:141)
at org.testng.internal.invokers.MethodInvocationHelper.invokeMethodConsideringTimeout(MethodInvocationHelper.java:71)
at org.testng.internal.invokers.ConfigInvoker.invokeConfigurationMethod(ConfigInvoker.java:400)
at org.testng.internal.invokers.ConfigInvoker.invokeConfigurations(ConfigInvoker.java:333)
at org.testng.TestRunner.invokeTestConfigurations(TestRunner.java:657)
at org.testng.TestRunner.beforeRun(TestRunner.java:646)
at org.testng.TestRunner.run(TestRunner.java:612)
at org.testng.SuiteRunner.runTest(SuiteRunner.java:421)
at org.testng.SuiteRunner.runSequentially(SuiteRunner.java:413)
at org.testng.SuiteRunner.privateRun(SuiteRunner.java:373)
at org.testng.SuiteRunner.run(SuiteRunner.java:312)
at org.testng.SuiteRunnerWorker.runSuite(SuiteRunnerWorker.java:52)
at org.testng.SuiteRunnerWorker.run(SuiteRunnerWorker.java:95)
at org.testng.TestNG.runSuitesSequentially(TestNG.java:1274)
at org.testng.TestNG.runSuitesLocally(TestNG.java:1208)
at org.testng.TestNG.runSuites(TestNG.java:1112)
at org.testng.TestNG.run(TestNG.java:1079)
at org.testng.remote.AbstractRemoteTestNG.run(AbstractRemoteTestNG.java:115)
at org.testng.remote.RemoteTestNG.initAndRun(RemoteTestNG.java:293)
at org.testng.remote.RemoteTestNG.main(RemoteTestNG.java:91)
]]>
    </error>
  </testcase> <!-- MySetUp -->
  <testcase classname="TestCases" name="EnabeledDisAbled">
    <skipped/>
  </testcase> <!-- EnabeledDisAbled -->
  <testcase classname="TestCases" name="CheckBoxContainer">
    <skipped/>
  </testcase> <!-- CheckBoxContainer -->
  <testcase classname="TestCases" name="MouseHover">
    <skipped/>
  </testcase> <!-- MouseHover -->
  <testcase classname="TestCases" name="Alert">
    <skipped/>
  </testcase> <!-- Alert -->
  <testcase classname="TestCases" name="Table">
    <skipped/>
  </testcase> <!-- Table -->
  <testcase classname="TestCases" name="hidden">
    <skipped/>
  </testcase> <!-- hidden -->
  <testcase classname="TestCases" name="open_window">
    <skipped/>
  </testcase> <!-- open_window -->
  <testcase classname="TestCases" name="Select_Tag">
    <skipped/>
  </testcase> <!-- Select_Tag -->
  <testcase classname="TestCases" name="MyRaidoButton">
    <skipped/>
  </testcase> <!-- MyRaidoButton -->
  <testcase classname="TestCases" name="Tabs_window">
    <skipped/>
  </testcase> <!-- Tabs_window -->
  <testcase classname="TestCases" name="DropDown">
    <skipped/>
  </testcase> <!-- DropDown -->
</testsuite> <!-- TestCases -->
